{"target": 0.2580719341368698, "params": {"layer0": 0.0, "layer1": 1.0, "layer10": 2.0, "layer11": 2.0, "layer12": 4.0, "layer13": 5.0, "layer14": 0.0, "layer15": 7.0, "layer16": 5.0, "layer17": 9.0, "layer18": 10.0, "layer19": 11.0, "layer2": 12.0, "layer20": 13.0, "layer21": 5.0, "layer22": 15.0, "layer23": 16.0, "layer24": 17.0, "layer25": 4.0, "layer26": 19.0, "layer27": 4.0, "layer28": 21.0, "layer29": 19.0, "layer3": 23.0, "layer30": 24.0, "layer31": 25.0, "layer4": 26.0, "layer5": 27.0, "layer6": 16.0, "layer7": 29.0, "layer8": 30.0, "layer9": 31.0}, "datetime": {"datetime": "2025-01-22 19:13:23", "elapsed": 0.0, "delta": 0.0}}
{"target": 0.06866598482460762, "params": {"layer0": 0.0, "layer1": 1.0, "layer10": 2.0, "layer11": 3.0, "layer12": 4.0, "layer13": 5.0, "layer14": 6.0, "layer15": 6.0, "layer16": 8.0, "layer17": 9.0, "layer18": 2.0, "layer19": 11.0, "layer2": 12.0, "layer20": 13.0, "layer21": 14.0, "layer22": 15.0, "layer23": 16.0, "layer24": 14.0, "layer25": 18.0, "layer26": 15.0, "layer27": 5.0, "layer28": 21.0, "layer29": 22.0, "layer3": 14.0, "layer30": 24.0, "layer31": 24.0, "layer4": 26.0, "layer5": 27.0, "layer6": 28.0, "layer7": 9.0, "layer8": 30.0, "layer9": 31.0}, "datetime": {"datetime": "2025-01-22 19:13:23", "elapsed": 0.001598, "delta": 0.001598}}
{"target": 0.5692878160009512, "params": {"layer0": 0.0, "layer1": 1.0, "layer10": 0.0, "layer11": 3.0, "layer12": 4.0, "layer13": 5.0, "layer14": 6.0, "layer15": 1.0, "layer16": 8.0, "layer17": 5.0, "layer18": 1.0, "layer19": 11.0, "layer2": 12.0, "layer20": 13.0, "layer21": 4.0, "layer22": 15.0, "layer23": 16.0, "layer24": 17.0, "layer25": 6.0, "layer26": 5.0, "layer27": 8.0, "layer28": 21.0, "layer29": 0.0, "layer3": 3.0, "layer30": 16.0, "layer31": 25.0, "layer4": 26.0, "layer5": 27.0, "layer6": 28.0, "layer7": 29.0, "layer8": 30.0, "layer9": 31.0}, "datetime": {"datetime": "2025-01-22 19:13:23", "elapsed": 0.002657, "delta": 0.001059}}
{"target": 0.5839373855220372, "params": {"layer0": 0.0, "layer1": 1.0, "layer10": 2.0, "layer11": 3.0, "layer12": 4.0, "layer13": 5.0, "layer14": 0.0, "layer15": 0.0, "layer16": 3.0, "layer17": 9.0, "layer18": 10.0, "layer19": 11.0, "layer2": 4.0, "layer20": 13.0, "layer21": 14.0, "layer22": 15.0, "layer23": 14.0, "layer24": 1.0, "layer25": 18.0, "layer26": 19.0, "layer27": 20.0, "layer28": 21.0, "layer29": 22.0, "layer3": 4.0, "layer30": 24.0, "layer31": 5.0, "layer4": 26.0, "layer5": 27.0, "layer6": 28.0, "layer7": 29.0, "layer8": 3.0, "layer9": 31.0}, "datetime": {"datetime": "2025-01-22 19:13:23", "elapsed": 0.0035, "delta": 0.000843}}
{"target": 0.050091625444236065, "params": {"layer0": 0.0, "layer1": 1.0, "layer10": 2.0, "layer11": 3.0, "layer12": 0.0, "layer13": 2.0, "layer14": 6.0, "layer15": 6.0, "layer16": 8.0, "layer17": 9.0, "layer18": 10.0, "layer19": 11.0, "layer2": 0.0, "layer20": 13.0, "layer21": 3.0, "layer22": 15.0, "layer23": 3.0, "layer24": 17.0, "layer25": 18.0, "layer26": 19.0, "layer27": 20.0, "layer28": 21.0, "layer29": 9.0, "layer3": 13.0, "layer30": 24.0, "layer31": 25.0, "layer4": 17.0, "layer5": 27.0, "layer6": 28.0, "layer7": 29.0, "layer8": 30.0, "layer9": 10.0}, "datetime": {"datetime": "2025-01-22 19:13:23", "elapsed": 0.004398, "delta": 0.000898}}
{"target": 0.020321536510593208, "params": {"layer0": 0.0, "layer1": 1.0, "layer10": 2.0, "layer11": 3.0, "layer12": 4.0, "layer13": 0.0, "layer14": 6.0, "layer15": 7.0, "layer16": 8.0, "layer17": 9.0, "layer18": 2.0, "layer19": 2.0, "layer2": 2.0, "layer20": 13.0, "layer21": 6.0, "layer22": 15.0, "layer23": 16.0, "layer24": 17.0, "layer25": 16.0, "layer26": 19.0, "layer27": 2.0, "layer28": 21.0, "layer29": 22.0, "layer3": 23.0, "layer30": 16.0, "layer31": 0.0, "layer4": 26.0, "layer5": 2.0, "layer6": 28.0, "layer7": 8.0, "layer8": 30.0, "layer9": 31.0}, "datetime": {"datetime": "2025-01-22 19:13:23", "elapsed": 0.005699, "delta": 0.001301}}
{"target": 0.47307209272912765, "params": {"layer0": 0.0, "layer1": 1.0, "layer10": 2.0, "layer11": 0.0, "layer12": 4.0, "layer13": 0.0, "layer14": 2.0, "layer15": 7.0, "layer16": 8.0, "layer17": 9.0, "layer18": 10.0, "layer19": 11.0, "layer2": 12.0, "layer20": 13.0, "layer21": 14.0, "layer22": 15.0, "layer23": 16.0, "layer24": 14.0, "layer25": 18.0, "layer26": 19.0, "layer27": 20.0, "layer28": 9.0, "layer29": 22.0, "layer3": 23.0, "layer30": 9.0, "layer31": 25.0, "layer4": 16.0, "layer5": 12.0, "layer6": 28.0, "layer7": 29.0, "layer8": 30.0, "layer9": 13.0}, "datetime": {"datetime": "2025-01-22 19:13:23", "elapsed": 0.006546, "delta": 0.000847}}
{"target": 0.7515800234226316, "params": {"layer0": 0.0, "layer1": 1.0, "layer10": 2.0, "layer11": 3.0, "layer12": 4.0, "layer13": 5.0, "layer14": 6.0, "layer15": 4.0, "layer16": 8.0, "layer17": 9.0, "layer18": 10.0, "layer19": 11.0, "layer2": 11.0, "layer20": 13.0, "layer21": 10.0, "layer22": 1.0, "layer23": 3.0, "layer24": 0.0, "layer25": 1.0, "layer26": 5.0, "layer27": 20.0, "layer28": 21.0, "layer29": 22.0, "layer3": 23.0, "layer30": 23.0, "layer31": 3.0, "layer4": 26.0, "layer5": 27.0, "layer6": 28.0, "layer7": 13.0, "layer8": 30.0, "layer9": 31.0}, "datetime": {"datetime": "2025-01-22 19:13:23", "elapsed": 0.007574, "delta": 0.001028}}
{"target": 0.6568928704144642, "params": {"layer0": 0.0, "layer1": 0.7203244934421581, "layer10": 0.0011437481734488664, "layer11": 3.3256582989502377, "layer12": 1.7610706898053565, "layer13": 1.2004017319943714, "layer14": 2.607642959287393, "layer15": 5.183410905645716, "layer16": 6.348279587690719, "layer17": 9.159884478057068, "layer18": 7.545501259259306, "layer19": 13.01917050753843, "layer2": 0.40890449946303487, "layer20": 17.562348727818907, "layer21": 0.5751394571564494, "layer22": 14.750285223924848, "layer23": 9.598010454443921, "layer24": 13.408555882698039, "layer25": 3.5096734648808443, "layer26": 5.150638716206848, "layer27": 21.62010335423949, "layer28": 27.11132412014313, "layer29": 9.089301166618043, "layer3": 2.0769678470079422, "layer30": 26.29167456888115, "layer31": 27.732806568619267, "layer4": 0.34017684547911164, "layer5": 0.1952739161644118, "layer6": 1.0189825173874134, "layer7": 6.146997524005892, "layer8": 0.7867746706644008, "layer9": 3.7899686250454696}, "datetime": {"datetime": "2025-01-22 19:13:23", "elapsed": 0.008472, "delta": 0.000898}}
{"target": 0.9296166241391826, "params": {"layer0": 0.0, "layer1": 0.5331652849730171, "layer10": 6.9187711395047335, "layer11": 3.4706719410666924, "layer12": 8.238011132179004, "layer13": 10.850133734665848, "layer14": 0.2560358828186853, "layer15": 11.252164724174513, "layer16": 15.821777422503915, "layer17": 12.71881612445727, "layer18": 5.047991857159293, "layer19": 14.996307240578282, "layer2": 0.20645201315528405, "layer20": 8.957870523518103, "layer21": 19.080505564955008, "layer22": 6.459511264220949, "layer23": 6.618832787486021, "layer24": 3.120685730838664, "layer25": 0.48417394675742687, "layer26": 17.649723856437166, "layer27": 5.7139591320015946, "layer28": 7.435306462422334, "layer29": 14.25562161912981, "layer3": 0.16008763535124115, "layer30": 17.223528164760392, "layer31": 4.548585822080114, "layer4": 2.357222147613137, "layer5": 3.498791800104656, "layer6": 0.614006572966955, "layer7": 2.8983919147369783, "layer8": 5.555201261821961, "layer9": 3.727613425742124}, "datetime": {"datetime": "2025-01-22 19:13:23", "elapsed": 0.009738, "delta": 0.001266}}
{"target": 0.27119047381202244, "params": {"layer0": 0.0, "layer1": 0.5358964059155116, "layer10": 6.637946452197888, "layer11": 5.663780232641394, "layer12": 11.33513707188976, "layer13": 7.625215526525908, "layer14": 12.64762681403037, "layer15": 2.062120562193563, "layer16": 2.2284215560121368, "layer17": 13.725651908061906, "layer18": 7.158183065739604, "layer19": 3.1417297452217228, "layer2": 1.8550171607920678, "layer20": 6.955317194910132, "layer21": 15.767054165859266, "layer22": 15.971955677709932, "layer23": 20.316040097733627, "layer24": 14.968132969334613, "layer25": 18.77356085068343, "layer26": 9.071356891423905, "layer27": 7.288053077655704, "layer28": 25.084814109489873, "layer29": 12.414644506267553, "layer3": 2.894520141445157, "layer30": 19.90324493455344, "layer31": 19.272567326482775, "layer4": 0.45898389181350074, "layer5": 4.747446293535356, "layer6": 2.699472800879643, "layer7": 4.048727300709922, "layer8": 3.2650944220902494, "layer9": 2.1332428221872495}, "datetime": {"datetime": "2025-01-22 19:13:23", "elapsed": 0.010634, "delta": 0.000896}}
